<?xml version="1.0" encoding="UTF-8"?>
<!-- Generated by org.testng.reporters.JUnitReportReporter -->
<testsuite hostname="LAPTOP-O8GG5075" failures="0" tests="2" name="com.qa.parallel.cross_browser" time="9.985" errors="0" timestamp="2022-11-18T10:19:12 IST" skipped="0">
  <testcase classname="com.qa.parallel.cross_browser" name="verifyTitel1" time="5.504"/>
  <system-out/>
  <testcase classname="com.qa.parallel.cross_browser" name="verifyTitel1" time="4.481"/>
  <system-out/>
</testsuite> <!-- com.qa.parallel.cross_browser -->
